Started GET "/" for 127.0.0.1 at 2017-09-30 12:06:39 +0200
Processing by Rails::WelcomeController#index as HTML
  Rendering C:/RailsInstaller/Ruby2.3.0/lib/ruby/gems/2.3.0/gems/railties-5.1.4/lib/rails/templates/rails/welcome/index.html.erb
  Rendered C:/RailsInstaller/Ruby2.3.0/lib/ruby/gems/2.3.0/gems/railties-5.1.4/lib/rails/templates/rails/welcome/index.html.erb (14.0ms)
Completed 200 OK in 851ms (Views: 91.5ms)


  [1m[35m (0.0ms)[0m  [1m[34mSELECT sqlite_version(*)[0m
  [1m[35m (90.0ms)[0m  [1m[35mCREATE TABLE "schema_migrations" ("version" varchar NOT NULL PRIMARY KEY)[0m
  [1m[35m (69.0ms)[0m  [1m[35mCREATE TABLE "ar_internal_metadata" ("key" varchar NOT NULL PRIMARY KEY, "value" varchar, "created_at" datetime NOT NULL, "updated_at" datetime NOT NULL)[0m
  [1m[35m (0.0ms)[0m  [1m[34mSELECT "schema_migrations"."version" FROM "schema_migrations" ORDER BY "schema_migrations"."version" ASC[0m
Migrating to CreateIdeas (20170930101440)
  [1m[35m (0.0ms)[0m  [1m[36mbegin transaction[0m
  [1m[35m (0.0ms)[0m  [1m[35mCREATE TABLE "ideas" ("id" INTEGER PRIMARY KEY AUTOINCREMENT NOT NULL, "name" varchar, "descroption" text, "picture" varchar, "created_at" datetime NOT NULL, "updated_at" datetime NOT NULL)[0m
  [1m[35mSQL (0.0ms)[0m  [1m[32mINSERT INTO "schema_migrations" ("version") VALUES (?)[0m  [["version", "20170930101440"]]
  [1m[35m (75.4ms)[0m  [1m[36mcommit transaction[0m
  [1m[36mActiveRecord::InternalMetadata Load (0.0ms)[0m  [1m[34mSELECT  "ar_internal_metadata".* FROM "ar_internal_metadata" WHERE "ar_internal_metadata"."key" = ? LIMIT ?[0m  [["key", "environment"], ["LIMIT", 1]]
  [1m[35m (0.0ms)[0m  [1m[36mbegin transaction[0m
  [1m[35mSQL (0.0ms)[0m  [1m[32mINSERT INTO "ar_internal_metadata" ("key", "value", "created_at", "updated_at") VALUES (?, ?, ?, ?)[0m  [["key", "environment"], ["value", "development"], ["created_at", "2017-09-30 10:15:08.265496"], ["updated_at", "2017-09-30 10:15:08.265496"]]
  [1m[35m (93.6ms)[0m  [1m[36mcommit transaction[0m
  [1m[35m (0.0ms)[0m  [1m[34mSELECT "schema_migrations"."version" FROM "schema_migrations" ORDER BY "schema_migrations"."version" ASC[0m
Started GET "/ideas" for 127.0.0.1 at 2017-09-30 12:15:25 +0200
  [1m[35m (1.0ms)[0m  [1m[34mSELECT "schema_migrations"."version" FROM "schema_migrations" ORDER BY "schema_migrations"."version" ASC[0m
Processing by IdeasController#index as HTML
  Rendering ideas/index.html.erb within layouts/application
  [1m[36mIdea Load (0.0ms)[0m  [1m[34mSELECT "ideas".* FROM "ideas"[0m
  Rendered ideas/index.html.erb within layouts/application (5.0ms)
Completed 200 OK in 1560ms (Views: 1520.1ms | ActiveRecord: 1.0ms)


Started GET "/ideas" for 127.0.0.1 at 2017-09-30 12:15:39 +0200
Processing by IdeasController#index as HTML
  Rendering ideas/index.html.erb within layouts/application
  [1m[36mIdea Load (0.0ms)[0m  [1m[34mSELECT "ideas".* FROM "ideas"[0m
  Rendered ideas/index.html.erb within layouts/application (4.0ms)
Completed 200 OK in 223ms (Views: 198.0ms | ActiveRecord: 1.0ms)


Started GET "/ideas" for 127.0.0.1 at 2017-09-30 12:27:57 +0200
Processing by IdeasController#index as HTML
  Rendering ideas/index.html.erb within layouts/application
  [1m[36mIdea Load (0.0ms)[0m  [1m[34mSELECT "ideas".* FROM "ideas"[0m
  Rendered ideas/index.html.erb within layouts/application (3.0ms)
Completed 200 OK in 209ms (Views: 183.2ms | ActiveRecord: 0.0ms)


Started GET "/ideas" for 127.0.0.1 at 2017-09-30 12:31:29 +0200
Processing by IdeasController#index as HTML
  Rendering ideas/index.html.erb within layouts/application
  [1m[36mIdea Load (0.0ms)[0m  [1m[34mSELECT "ideas".* FROM "ideas"[0m
  Rendered ideas/index.html.erb within layouts/application (2.0ms)
Completed 200 OK in 193ms (Views: 168.0ms | ActiveRecord: 0.0ms)


Started GET "/ideas" for 127.0.0.1 at 2017-09-30 12:36:30 +0200
  [1m[35m (0.0ms)[0m  [1m[34mSELECT "schema_migrations"."version" FROM "schema_migrations" ORDER BY "schema_migrations"."version" ASC[0m
Processing by IdeasController#index as HTML
  Rendering ideas/index.html.erb within layouts/application
  [1m[36mIdea Load (1.0ms)[0m  [1m[34mSELECT "ideas".* FROM "ideas"[0m
  Rendered ideas/index.html.erb within layouts/application (7.0ms)
Completed 200 OK in 646ms (Views: 603.2ms | ActiveRecord: 2.0ms)


Started GET "/" for 127.0.0.1 at 2017-09-30 12:37:04 +0200
Processing by Rails::WelcomeController#index as HTML
  Rendering C:/RailsInstaller/Ruby2.3.0/lib/ruby/gems/2.3.0/gems/railties-5.1.4/lib/rails/templates/rails/welcome/index.html.erb
  Rendered C:/RailsInstaller/Ruby2.3.0/lib/ruby/gems/2.3.0/gems/railties-5.1.4/lib/rails/templates/rails/welcome/index.html.erb (4.0ms)
Completed 200 OK in 89ms (Views: 47.4ms | ActiveRecord: 0.0ms)


Started GET "/" for 127.0.0.1 at 2017-09-30 12:44:21 +0200
  [1m[35m (1.0ms)[0m  [1m[34mSELECT "schema_migrations"."version" FROM "schema_migrations" ORDER BY "schema_migrations"."version" ASC[0m
Processing by Rails::WelcomeController#index as HTML
  Rendering C:/RailsInstaller/Ruby2.3.0/lib/ruby/gems/2.3.0/gems/railties-5.1.4/lib/rails/templates/rails/welcome/index.html.erb
  Rendered C:/RailsInstaller/Ruby2.3.0/lib/ruby/gems/2.3.0/gems/railties-5.1.4/lib/rails/templates/rails/welcome/index.html.erb (6.0ms)
Completed 200 OK in 105ms (Views: 53.6ms | ActiveRecord: 0.0ms)


Started GET "/ideas" for 127.0.0.1 at 2017-09-30 12:44:52 +0200
Processing by IdeasController#index as HTML
  Rendering ideas/index.html.erb within layouts/application
  [1m[36mIdea Load (0.0ms)[0m  [1m[34mSELECT "ideas".* FROM "ideas"[0m
  Rendered ideas/index.html.erb within layouts/application (5.0ms)
Completed 200 OK in 558ms (Views: 522.9ms | ActiveRecord: 0.0ms)


Started GET "/ideas" for 127.0.0.1 at 2017-09-30 12:44:59 +0200
Processing by IdeasController#index as HTML
  Rendering ideas/index.html.erb within layouts/application
  [1m[36mIdea Load (1.0ms)[0m  [1m[34mSELECT "ideas".* FROM "ideas"[0m
  Rendered ideas/index.html.erb within layouts/application (3.0ms)
Completed 200 OK in 201ms (Views: 174.1ms | ActiveRecord: 1.0ms)


Started GET "/" for 127.0.0.1 at 2017-09-30 12:45:07 +0200
Processing by Rails::WelcomeController#index as HTML
  Rendering C:/RailsInstaller/Ruby2.3.0/lib/ruby/gems/2.3.0/gems/railties-5.1.4/lib/rails/templates/rails/welcome/index.html.erb
  Rendered C:/RailsInstaller/Ruby2.3.0/lib/ruby/gems/2.3.0/gems/railties-5.1.4/lib/rails/templates/rails/welcome/index.html.erb (0.0ms)
Completed 200 OK in 73ms (Views: 43.2ms | ActiveRecord: 0.0ms)


Started GET "/" for 127.0.0.1 at 2017-09-30 12:45:07 +0200
Processing by Rails::WelcomeController#index as HTML
  Rendering C:/RailsInstaller/Ruby2.3.0/lib/ruby/gems/2.3.0/gems/railties-5.1.4/lib/rails/templates/rails/welcome/index.html.erb
  Rendered C:/RailsInstaller/Ruby2.3.0/lib/ruby/gems/2.3.0/gems/railties-5.1.4/lib/rails/templates/rails/welcome/index.html.erb (4.0ms)
Completed 200 OK in 82ms (Views: 43.1ms | ActiveRecord: 0.0ms)


Started GET "/ideas" for 127.0.0.1 at 2017-09-30 12:45:14 +0200
Processing by IdeasController#index as HTML
  Rendering ideas/index.html.erb within layouts/application
  [1m[36mIdea Load (0.0ms)[0m  [1m[34mSELECT "ideas".* FROM "ideas"[0m
  Rendered ideas/index.html.erb within layouts/application (2.0ms)
Completed 200 OK in 184ms (Views: 157.6ms | ActiveRecord: 0.0ms)


Started GET "/ideas/new" for 127.0.0.1 at 2017-09-30 12:45:16 +0200
Processing by IdeasController#new as HTML
  Rendering ideas/new.html.erb within layouts/application
  Rendered ideas/_form.html.erb (307.0ms)
  Rendered ideas/new.html.erb within layouts/application (322.6ms)
Completed 500 Internal Server Error in 418ms (ActiveRecord: 1.0ms)


  
ActionView::Template::Error (undefined method `file_area' for #<ActionView::Helpers::FormBuilder:0xb0d54f0>
Did you mean?  file_field):
    18: 
    19:   <div class="field">
    20:     <%= form.label :descroption %>
    21:     <%= form.file_area :descroption, id: :idea_descroption %>
    22:   </div>
    23: 
    24:   <div class="field">
  
app/views/ideas/_form.html.erb:21:in `block in _app_views_ideas__form_html_erb___527217631_92698356'
app/views/ideas/_form.html.erb:1:in `_app_views_ideas__form_html_erb___527217631_92698356'
app/views/ideas/new.html.erb:3:in `_app_views_ideas_new_html_erb___53507304_92680476'
Started GET "/ideas/new" for 127.0.0.1 at 2017-09-30 12:46:39 +0200
Processing by IdeasController#new as HTML
  Rendering ideas/new.html.erb within layouts/application
  Rendered ideas/_form.html.erb (149.0ms)
  Rendered ideas/new.html.erb within layouts/application (181.0ms)
Completed 500 Internal Server Error in 291ms (ActiveRecord: 0.0ms)


  
ActionView::Template::Error (undefined method `file_area' for #<ActionView::Helpers::FormBuilder:0xadfe4b8>
Did you mean?  file_field):
    18: 
    19:   <div class="field">
    20:     <%= form.label :descroption %>
    21:     <%= form.file_area :descroption, id: :idea_description %>
    22:   </div>
    23: 
    24:   <div class="field">
  
app/views/ideas/_form.html.erb:21:in `block in _app_views_ideas__form_html_erb___527217631_91205184'
app/views/ideas/_form.html.erb:1:in `_app_views_ideas__form_html_erb___527217631_91205184'
app/views/ideas/new.html.erb:3:in `_app_views_ideas_new_html_erb___53507304_90887724'
Started GET "/ideas/new" for 127.0.0.1 at 2017-09-30 12:47:05 +0200
Processing by IdeasController#new as HTML
  Rendering ideas/new.html.erb within layouts/application
  Rendered ideas/_form.html.erb (150.0ms)
  Rendered ideas/new.html.erb within layouts/application (175.0ms)
Completed 500 Internal Server Error in 273ms (ActiveRecord: 0.0ms)


  
ActionView::Template::Error (undefined method `file_area' for #<ActionView::Helpers::FormBuilder:0xd70c718>
Did you mean?  file_field):
    18: 
    19:   <div class="field">
    20:     <%= form.label :descroption %>
    21:     <%= form.file_area :description, id: :idea_description %>
    22:   </div>
    23: 
    24:   <div class="field">
  
app/views/ideas/_form.html.erb:21:in `block in _app_views_ideas__form_html_erb___527217631_112730724'
app/views/ideas/_form.html.erb:1:in `_app_views_ideas__form_html_erb___527217631_112730724'
app/views/ideas/new.html.erb:3:in `_app_views_ideas_new_html_erb___53507304_52354836'
Started GET "/ideas/new" for 127.0.0.1 at 2017-09-30 12:47:46 +0200
Processing by IdeasController#new as HTML
  Rendering ideas/new.html.erb within layouts/application
  Rendered ideas/_form.html.erb (3.0ms)
  Rendered ideas/new.html.erb within layouts/application (32.0ms)
Completed 200 OK in 229ms (Views: 203.3ms | ActiveRecord: 0.0ms)


Started GET "/ideas/new" for 127.0.0.1 at 2017-09-30 12:49:50 +0200
Processing by IdeasController#new as HTML
  Rendering ideas/new.html.erb within layouts/application
  Rendered ideas/_form.html.erb (3.0ms)
  Rendered ideas/new.html.erb within layouts/application (28.0ms)
Completed 200 OK in 208ms (Views: 182.2ms | ActiveRecord: 0.0ms)


Started GET "/ideas/new" for 127.0.0.1 at 2017-09-30 12:49:55 +0200
Processing by IdeasController#new as HTML
  Rendering ideas/new.html.erb within layouts/application
  Rendered ideas/_form.html.erb (2.0ms)
  Rendered ideas/new.html.erb within layouts/application (29.0ms)
Completed 200 OK in 220ms (Views: 192.7ms | ActiveRecord: 0.0ms)


Started GET "/ideas" for 127.0.0.1 at 2017-09-30 12:49:58 +0200
Processing by IdeasController#index as HTML
  Rendering ideas/index.html.erb within layouts/application
  [1m[36mIdea Load (1.0ms)[0m  [1m[34mSELECT "ideas".* FROM "ideas"[0m
  Rendered ideas/index.html.erb within layouts/application (3.0ms)
Completed 200 OK in 196ms (Views: 168.6ms | ActiveRecord: 1.0ms)


Started GET "/ideas/new" for 127.0.0.1 at 2017-09-30 12:50:01 +0200
Processing by IdeasController#new as HTML
  Rendering ideas/new.html.erb within layouts/application
  Rendered ideas/_form.html.erb (15.6ms)
  Rendered ideas/new.html.erb within layouts/application (31.2ms)
Completed 200 OK in 200ms (Views: 168.8ms | ActiveRecord: 0.0ms)


Started GET "/ideas/new" for 127.0.0.1 at 2017-09-30 12:50:21 +0200
Processing by IdeasController#new as HTML
  Rendering ideas/new.html.erb within layouts/application
  Rendered ideas/_form.html.erb (3.0ms)
  Rendered ideas/new.html.erb within layouts/application (28.0ms)
Completed 200 OK in 213ms (Views: 188.2ms | ActiveRecord: 0.0ms)


Started GET "/ideas" for 127.0.0.1 at 2017-09-30 12:50:24 +0200
Processing by IdeasController#index as HTML
  Rendering ideas/index.html.erb within layouts/application
  [1m[36mIdea Load (0.0ms)[0m  [1m[34mSELECT "ideas".* FROM "ideas"[0m
  Rendered ideas/index.html.erb within layouts/application (2.0ms)
Completed 200 OK in 183ms (Views: 157.4ms | ActiveRecord: 0.0ms)


Started GET "/ideas/new" for 127.0.0.1 at 2017-09-30 12:50:26 +0200
Processing by IdeasController#new as HTML
  Rendering ideas/new.html.erb within layouts/application
  Rendered ideas/_form.html.erb (15.6ms)
  Rendered ideas/new.html.erb within layouts/application (32.2ms)
Completed 200 OK in 181ms (Views: 170.8ms | ActiveRecord: 0.0ms)


Started GET "/ideas" for 127.0.0.1 at 2017-09-30 12:50:54 +0200
Processing by IdeasController#index as HTML
  Rendering ideas/index.html.erb within layouts/application
  [1m[36mIdea Load (0.0ms)[0m  [1m[34mSELECT "ideas".* FROM "ideas"[0m
  Rendered ideas/index.html.erb within layouts/application (2.0ms)
Completed 200 OK in 194ms (Views: 169.9ms | ActiveRecord: 0.0ms)


Started GET "/ideas" for 127.0.0.1 at 2017-09-30 12:51:06 +0200
Processing by IdeasController#index as HTML
  Rendering ideas/index.html.erb within layouts/application
  [1m[36mIdea Load (0.0ms)[0m  [1m[34mSELECT "ideas".* FROM "ideas"[0m
  Rendered ideas/index.html.erb within layouts/application (2.0ms)
Completed 200 OK in 189ms (Views: 163.7ms | ActiveRecord: 0.0ms)


Started GET "/ideas" for 127.0.0.1 at 2017-09-30 12:53:09 +0200
Processing by IdeasController#index as HTML
  Rendering ideas/index.html.erb within layouts/application
  [1m[36mIdea Load (0.0ms)[0m  [1m[34mSELECT "ideas".* FROM "ideas"[0m
  Rendered ideas/index.html.erb within layouts/application (2.0ms)
Completed 200 OK in 208ms (Views: 183.4ms | ActiveRecord: 0.0ms)


Started GET "/ideas/new" for 127.0.0.1 at 2017-09-30 12:53:10 +0200
Processing by IdeasController#new as HTML
  Rendering ideas/new.html.erb within layouts/application
  Rendered ideas/_form.html.erb (2.0ms)
  Rendered ideas/new.html.erb within layouts/application (27.0ms)
Completed 200 OK in 195ms (Views: 171.9ms | ActiveRecord: 0.0ms)


Started GET "/ideas/new" for 127.0.0.1 at 2017-09-30 12:57:06 +0200
Processing by IdeasController#new as HTML
  Rendering ideas/new.html.erb within layouts/application
  Rendered ideas/_form.html.erb (2.0ms)
  Rendered ideas/new.html.erb within layouts/application (28.0ms)
Completed 200 OK in 208ms (Views: 182.8ms | ActiveRecord: 0.0ms)


Started GET "/ideas/new" for 127.0.0.1 at 2017-09-30 12:57:38 +0200
Processing by IdeasController#new as HTML
  Rendering ideas/new.html.erb within layouts/application
  Rendered ideas/_form.html.erb (129.0ms)
  Rendered ideas/new.html.erb within layouts/application (154.0ms)
Completed 500 Internal Server Error in 252ms (ActiveRecord: 0.0ms)


  
ActionView::Template::Error (undefined method `file_area' for #<ActionView::Helpers::FormBuilder:0x6e4c150>
Did you mean?  file_field):
    18: 
    19:   <div class="field">
    20:     <%= form.label :description %>
    21:     <%= form.file_area :description, id: :idea_description %>
    22:   </div>
    23: 
    24:   <div class="field">
  
app/views/ideas/_form.html.erb:21:in `block in _app_views_ideas__form_html_erb___527217631_57882948'
app/views/ideas/_form.html.erb:1:in `_app_views_ideas__form_html_erb___527217631_57882948'
app/views/ideas/new.html.erb:3:in `_app_views_ideas_new_html_erb___53507304_58052472'
Started GET "/ideas/new" for 127.0.0.1 at 2017-09-30 12:58:24 +0200
Processing by IdeasController#new as HTML
  Rendering ideas/new.html.erb within layouts/application
  Rendered ideas/_form.html.erb (5.0ms)
  Rendered ideas/new.html.erb within layouts/application (31.0ms)
Completed 200 OK in 208ms (Views: 182.7ms | ActiveRecord: 0.0ms)


Started GET "/ideas/new" for 127.0.0.1 at 2017-09-30 12:58:47 +0200
Processing by IdeasController#new as HTML
  Rendering ideas/new.html.erb within layouts/application
  Rendered ideas/_form.html.erb (3.0ms)
  Rendered ideas/new.html.erb within layouts/application (27.0ms)
Completed 200 OK in 220ms (Views: 193.8ms | ActiveRecord: 0.0ms)


Started GET "/ideas/new" for 127.0.0.1 at 2017-09-30 12:59:32 +0200
Processing by IdeasController#new as HTML
  Rendering ideas/new.html.erb within layouts/application
  Rendered ideas/_form.html.erb (3.0ms)
  Rendered ideas/new.html.erb within layouts/application (29.0ms)
Completed 200 OK in 219ms (Views: 193.2ms | ActiveRecord: 0.0ms)


Started GET "/ideas/new" for 127.0.0.1 at 2017-09-30 13:00:09 +0200
Processing by IdeasController#new as HTML
  Rendering ideas/new.html.erb within layouts/application
  Rendered ideas/_form.html.erb (132.0ms)
  Rendered ideas/new.html.erb within layouts/application (157.0ms)
Completed 500 Internal Server Error in 254ms (ActiveRecord: 0.0ms)


  
ActionView::Template::Error (undefined method `file_area' for #<ActionView::Helpers::FormBuilder:0xaef32d0>
Did you mean?  file_field):
    23: 
    24:   <div class="field">
    25:     <%= form.label :picture %>
    26:     <%= form.file_area :picture, id: :idea_picture %>
    27:   </div>
    28: 
    29:   <div class="actions">
  
app/views/ideas/_form.html.erb:26:in `block in _app_views_ideas__form_html_erb___527217631_91489452'
app/views/ideas/_form.html.erb:1:in `_app_views_ideas__form_html_erb___527217631_91489452'
app/views/ideas/new.html.erb:3:in `_app_views_ideas_new_html_erb___53507304_91771248'
Started GET "/ideas/new" for 127.0.0.1 at 2017-09-30 13:00:44 +0200
Processing by IdeasController#new as HTML
  Rendering ideas/new.html.erb within layouts/application
  Rendered ideas/_form.html.erb (2.0ms)
  Rendered ideas/new.html.erb within layouts/application (28.0ms)
Completed 200 OK in 210ms (Views: 185.8ms | ActiveRecord: 0.0ms)


Started GET "/" for 127.0.0.1 at 2017-09-30 14:10:31 +0200
Started GET "/ideas" for 127.0.0.1 at 2017-09-30 14:10:31 +0200
Processing by IdeasController#index as HTML
  Rendering ideas/index.html.erb within layouts/application
  [1m[36mIdea Load (0.0ms)[0m  [1m[34mSELECT "ideas".* FROM "ideas"[0m
  Rendered ideas/index.html.erb within layouts/application (5.0ms)
Completed 200 OK in 188ms (Views: 155.3ms | ActiveRecord: 0.0ms)


Started GET "/" for 127.0.0.1 at 2017-09-30 14:10:32 +0200
Started GET "/ideas" for 127.0.0.1 at 2017-09-30 14:10:32 +0200
Processing by IdeasController#index as HTML
  Rendering ideas/index.html.erb within layouts/application
  [1m[36mIdea Load (1.0ms)[0m  [1m[34mSELECT "ideas".* FROM "ideas"[0m
  Rendered ideas/index.html.erb within layouts/application (3.0ms)
Completed 200 OK in 192ms (Views: 162.0ms | ActiveRecord: 1.0ms)


Started GET "/ideas/new" for 127.0.0.1 at 2017-09-30 14:10:44 +0200
Processing by IdeasController#new as HTML
  Rendering ideas/new.html.erb within layouts/application
  Rendered ideas/_form.html.erb (3.0ms)
  Rendered ideas/new.html.erb within layouts/application (30.0ms)
Completed 200 OK in 213ms (Views: 181.6ms | ActiveRecord: 1.0ms)


Started GET "/" for 127.0.0.1 at 2017-09-30 14:10:46 +0200
Started GET "/ideas" for 127.0.0.1 at 2017-09-30 14:10:47 +0200
Processing by IdeasController#index as HTML
  Rendering ideas/index.html.erb within layouts/application
  [1m[36mIdea Load (0.0ms)[0m  [1m[34mSELECT "ideas".* FROM "ideas"[0m
  Rendered ideas/index.html.erb within layouts/application (2.0ms)
Completed 200 OK in 173ms (Views: 149.1ms | ActiveRecord: 0.0ms)


Started GET "/pages/info" for 127.0.0.1 at 2017-09-30 14:17:07 +0200
  [1m[35m (0.0ms)[0m  [1m[34mSELECT "schema_migrations"."version" FROM "schema_migrations" ORDER BY "schema_migrations"."version" ASC[0m
Processing by PagesController#info as HTML
  Rendering pages/info.html.erb within layouts/application
  Rendered pages/info.html.erb within layouts/application (3.0ms)
Completed 200 OK in 769ms (Views: 735.6ms | ActiveRecord: 0.0ms)


